<?xml version="1.0" encoding="UTF-8"?>
<!-- Generated by org.testng.reporters.JUnitXMLReporter -->
<testsuite ignored="0" hostname="LTIN368623" failures="1" tests="3" name="Test" time="22.629" errors="0" timestamp="2024-10-31T08:56:18 IST">
  <testcase classname="endtoendOrder.PurchasingAnItem" name="puchaseItem" time="0.009">
    <failure type="java.lang.NullPointerException" message="Cannot invoke &amp;quot;org.openqa.selenium.SearchContext.findElement(org.openqa.selenium.By)&amp;quot; because &amp;quot;this.searchContext&amp;quot; is null">
      <![CDATA[java.lang.NullPointerException: Cannot invoke "org.openqa.selenium.SearchContext.findElement(org.openqa.selenium.By)" because "this.searchContext" is null
at org.openqa.selenium.support.pagefactory.DefaultElementLocator.findElement(DefaultElementLocator.java:68)
at org.openqa.selenium.support.pagefactory.internal.LocatingElementHandler.invoke(LocatingElementHandler.java:38)
at jdk.proxy2/jdk.proxy2.$Proxy11.sendKeys(Unknown Source)
at pages.LoginPage.login(LoginPage.java:34)
at endtoendOrder.PurchasingAnItem.puchaseItem(PurchasingAnItem.java:42)
at java.base/java.util.ArrayList.forEach(ArrayList.java:1511)
... Removed 27 stack frames]]>
    </failure>
  </testcase> <!-- puchaseItem -->
  <testcase classname="endtoendOrder.PurchasingAnItem" name="verifyOrederedItems" time="0.0">
    <skipped/>
  </testcase> <!-- verifyOrederedItems -->
  <testcase classname="endtoendOrder.ErrorValidation" name="verifyErrormessage" time="0.73"/>
</testsuite> <!-- Test -->
